This file contains any messages produced by compilers while
running configure, to aid debugging if configure makes a mistake.

It was created by pygobject configure 2.8.0, which was
generated by GNU Autoconf 2.59.  Invocation command line was

  $ ./configure 

## --------- ##
## Platform. ##
## --------- ##

hostname = faulkhuang-bmt-4958248
uname -m = x86_64
uname -r = 4.9.17-c9
uname -s = Linux
uname -v = #1 SMP Thu Mar 23 01:38:54 UTC 2017

/usr/bin/uname -p = unknown
/bin/uname -X     = unknown

/bin/arch              = unknown
/usr/bin/arch -k       = unknown
/usr/convex/getsysinfo = unknown
hostinfo               = unknown
/bin/machine           = unknown
/usr/bin/oslevel       = unknown
/bin/universe          = unknown

PATH: /home/ubuntu/.nvm/versions/node/v4.7.3/bin
PATH: /usr/local/rvm/gems/ruby-2.3.0/bin
PATH: /usr/local/rvm/gems/ruby-2.3.0@global/bin
PATH: /usr/local/rvm/rubies/ruby-2.3.0/bin
PATH: /mnt/shared/bin
PATH: /home/ubuntu/workspace/node_modules/.bin
PATH: /home/ubuntu/bin
PATH: /usr/local/sbin
PATH: /usr/local/bin
PATH: /usr/sbin
PATH: /usr/bin
PATH: /sbin
PATH: /bin
PATH: /mnt/shared/sbin
PATH: /opt/gitl
PATH: /opt/go/bin
PATH: /mnt/shared/c9/app.nw/bin
PATH: /usr/local/rvm/bin


## ----------- ##
## Core tests. ##
## ----------- ##

configure:1582: checking for a BSD-compatible install
configure:1637: result: /usr/bin/install -c
configure:1648: checking whether build environment is sane
configure:1691: result: yes
configure:1748: checking for gawk
configure:1764: found /usr/bin/gawk
configure:1774: result: gawk
configure:1784: checking whether make sets $(MAKE)
configure:1804: result: yes
configure:1977: checking build system type
configure:1995: result: x86_64-unknown-linux-gnu
configure:2003: checking host system type
configure:2017: result: x86_64-unknown-linux-gnu
configure:2025: checking for some Win32 platform
configure:2035: result: no
configure:2048: checking for native Win32
configure:2058: result: no
configure:2158: checking for style of include used by make
configure:2186: result: GNU
configure:2257: checking for gcc
configure:2273: found /usr/bin/gcc
configure:2283: result: gcc
configure:2527: checking for C compiler version
configure:2530: gcc --version </dev/null >&5
gcc (Ubuntu 4.8.4-2ubuntu1~14.04.3) 4.8.4
Copyright (C) 2013 Free Software Foundation, Inc.
This is free software; see the source for copying conditions.  There is NO
warranty; not even for MERCHANTABILITY or FITNESS FOR A PARTICULAR PURPOSE.

configure:2533: $? = 0
configure:2535: gcc -v </dev/null >&5
Using built-in specs.
COLLECT_GCC=gcc
COLLECT_LTO_WRAPPER=/usr/lib/gcc/x86_64-linux-gnu/4.8/lto-wrapper
Target: x86_64-linux-gnu
Configured with: ../src/configure -v --with-pkgversion='Ubuntu 4.8.4-2ubuntu1~14.04.3' --with-bugurl=file:///usr/share/doc/gcc-4.8/README.Bugs --enable-languages=c,c++,java,go,d,fortran,objc,obj-c++ --prefix=/usr --program-suffix=-4.8 --enable-shared --enable-linker-build-id --libexecdir=/usr/lib --without-included-gettext --enable-threads=posix --with-gxx-include-dir=/usr/include/c++/4.8 --libdir=/usr/lib --enable-nls --with-sysroot=/ --enable-clocale=gnu --enable-libstdcxx-debug --enable-libstdcxx-time=yes --enable-gnu-unique-object --disable-libmudflap --enable-plugin --with-system-zlib --disable-browser-plugin --enable-java-awt=gtk --enable-gtk-cairo --with-java-home=/usr/lib/jvm/java-1.5.0-gcj-4.8-amd64/jre --enable-java-home --with-jvm-root-dir=/usr/lib/jvm/java-1.5.0-gcj-4.8-amd64 --with-jvm-jar-dir=/usr/lib/jvm-exports/java-1.5.0-gcj-4.8-amd64 --with-arch-directory=amd64 --with-ecj-jar=/usr/share/java/eclipse-ecj.jar --enable-objc-gc --enable-multiarch --disable-werror --with-arch-32=i686 --with-abi=m64 --with-multilib-list=m32,m64,mx32 --with-tune=generic --enable-checking=release --build=x86_64-linux-gnu --host=x86_64-linux-gnu --target=x86_64-linux-gnu
Thread model: posix
gcc version 4.8.4 (Ubuntu 4.8.4-2ubuntu1~14.04.3) 
configure:2538: $? = 0
configure:2540: gcc -V </dev/null >&5
gcc: error: unrecognized command line option '-V'
gcc: fatal error: no input files
compilation terminated.
configure:2543: $? = 4
configure:2566: checking for C compiler default output file name
configure:2569: gcc    conftest.c  >&5
configure:2572: $? = 0
configure:2618: result: a.out
configure:2623: checking whether the C compiler works
configure:2629: ./a.out
configure:2632: $? = 0
configure:2649: result: yes
configure:2656: checking whether we are cross compiling
configure:2658: result: no
configure:2661: checking for suffix of executables
configure:2663: gcc -o conftest    conftest.c  >&5
configure:2666: $? = 0
configure:2691: result: 
configure:2697: checking for suffix of object files
configure:2718: gcc -c   conftest.c >&5
configure:2721: $? = 0
configure:2743: result: o
configure:2747: checking whether we are using the GNU C compiler
configure:2771: gcc -c   conftest.c >&5
configure:2777: $? = 0
configure:2780: test -z 			 || test ! -s conftest.err
configure:2783: $? = 0
configure:2786: test -s conftest.o
configure:2789: $? = 0
configure:2802: result: yes
configure:2808: checking whether gcc accepts -g
configure:2829: gcc -c -g  conftest.c >&5
configure:2835: $? = 0
configure:2838: test -z 			 || test ! -s conftest.err
configure:2841: $? = 0
configure:2844: test -s conftest.o
configure:2847: $? = 0
configure:2858: result: yes
configure:2875: checking for gcc option to accept ANSI C
configure:2945: gcc  -c -g -O2  conftest.c >&5
configure:2951: $? = 0
configure:2954: test -z 			 || test ! -s conftest.err
configure:2957: $? = 0
configure:2960: test -s conftest.o
configure:2963: $? = 0
configure:2981: result: none needed
configure:2999: gcc -c -g -O2  conftest.c >&5
conftest.c:2:3: error: unknown type name 'choke'
   choke me
   ^
conftest.c:2:3: error: expected '=', ',', ';', 'asm' or '__attribute__' at end of input
configure:3005: $? = 1
configure: failed program was:
| #ifndef __cplusplus
|   choke me
| #endif
configure:3137: checking dependency style of gcc
configure:3227: result: gcc3
configure:3244: checking for a sed that does not truncate output
configure:3298: result: /bin/sed
configure:3301: checking for egrep
configure:3311: result: grep -E
configure:3327: checking for ld used by gcc
configure:3394: result: /usr/bin/ld
configure:3403: checking if the linker (/usr/bin/ld) is GNU ld
configure:3418: result: yes
configure:3423: checking for /usr/bin/ld option to reload object files
configure:3430: result: -r
configure:3439: checking for BSD-compatible nm
configure:3481: result: /usr/bin/nm -B
configure:3485: checking whether ln -s works
configure:3489: result: yes
configure:3496: checking how to recognise dependent libraries
configure:3670: result: pass_all
configure:3755: gcc -c -g -O2  conftest.c >&5
configure:3758: $? = 0
configure:4125: checking how to run the C preprocessor
configure:4160: gcc -E  conftest.c
configure:4166: $? = 0
configure:4198: gcc -E  conftest.c
conftest.c:14:28: fatal error: ac_nonexistent.h: No such file or directory
 #include <ac_nonexistent.h>
                            ^
compilation terminated.
configure:4204: $? = 1
configure: failed program was:
| /* confdefs.h.  */
| 
| #define PACKAGE_NAME "pygobject"
| #define PACKAGE_TARNAME "pygobject"
| #define PACKAGE_VERSION "2.8.0"
| #define PACKAGE_STRING "pygobject 2.8.0"
| #define PACKAGE_BUGREPORT "http://bugzilla.gnome.org/enter_bug.cgi?product=pygobject"
| #define PYGOBJECT_MAJOR_VERSION 2
| #define PYGOBJECT_MINOR_VERSION 8
| #define PYGOBJECT_MICRO_VERSION 0
| #define PACKAGE "pygobject"
| #define VERSION "2.8.0"
| /* end confdefs.h.  */
| #include <ac_nonexistent.h>
configure:4243: result: gcc -E
configure:4267: gcc -E  conftest.c
configure:4273: $? = 0
configure:4305: gcc -E  conftest.c
conftest.c:14:28: fatal error: ac_nonexistent.h: No such file or directory
 #include <ac_nonexistent.h>
                            ^
compilation terminated.
configure:4311: $? = 1
configure: failed program was:
| /* confdefs.h.  */
| 
| #define PACKAGE_NAME "pygobject"
| #define PACKAGE_TARNAME "pygobject"
| #define PACKAGE_VERSION "2.8.0"
| #define PACKAGE_STRING "pygobject 2.8.0"
| #define PACKAGE_BUGREPORT "http://bugzilla.gnome.org/enter_bug.cgi?product=pygobject"
| #define PYGOBJECT_MAJOR_VERSION 2
| #define PYGOBJECT_MINOR_VERSION 8
| #define PYGOBJECT_MICRO_VERSION 0
| #define PACKAGE "pygobject"
| #define VERSION "2.8.0"
| /* end confdefs.h.  */
| #include <ac_nonexistent.h>
configure:4355: checking for ANSI C header files
configure:4380: gcc -c -g -O2  conftest.c >&5
configure:4386: $? = 0
configure:4389: test -z 			 || test ! -s conftest.err
configure:4392: $? = 0
configure:4395: test -s conftest.o
configure:4398: $? = 0
configure:4487: gcc -o conftest -g -O2   conftest.c  >&5
conftest.c: In function 'main':
conftest.c:31:7: warning: incompatible implicit declaration of built-in function 'exit' [enabled by default]
       exit(2);
       ^
configure:4490: $? = 0
configure:4492: ./conftest
configure:4495: $? = 0
configure:4510: result: yes
configure:4534: checking for sys/types.h
configure:4550: gcc -c -g -O2  conftest.c >&5
configure:4556: $? = 0
configure:4559: test -z 			 || test ! -s conftest.err
configure:4562: $? = 0
configure:4565: test -s conftest.o
configure:4568: $? = 0
configure:4579: result: yes
configure:4534: checking for sys/stat.h
configure:4550: gcc -c -g -O2  conftest.c >&5
configure:4556: $? = 0
configure:4559: test -z 			 || test ! -s conftest.err
configure:4562: $? = 0
configure:4565: test -s conftest.o
configure:4568: $? = 0
configure:4579: result: yes
configure:4534: checking for stdlib.h
configure:4550: gcc -c -g -O2  conftest.c >&5
configure:4556: $? = 0
configure:4559: test -z 			 || test ! -s conftest.err
configure:4562: $? = 0
configure:4565: test -s conftest.o
configure:4568: $? = 0
configure:4579: result: yes
configure:4534: checking for string.h
configure:4550: gcc -c -g -O2  conftest.c >&5
configure:4556: $? = 0
configure:4559: test -z 			 || test ! -s conftest.err
configure:4562: $? = 0
configure:4565: test -s conftest.o
configure:4568: $? = 0
configure:4579: result: yes
configure:4534: checking for memory.h
configure:4550: gcc -c -g -O2  conftest.c >&5
configure:4556: $? = 0
configure:4559: test -z 			 || test ! -s conftest.err
configure:4562: $? = 0
configure:4565: test -s conftest.o
configure:4568: $? = 0
configure:4579: result: yes
configure:4534: checking for strings.h
configure:4550: gcc -c -g -O2  conftest.c >&5
configure:4556: $? = 0
configure:4559: test -z 			 || test ! -s conftest.err
configure:4562: $? = 0
configure:4565: test -s conftest.o
configure:4568: $? = 0
configure:4579: result: yes
configure:4534: checking for inttypes.h
configure:4550: gcc -c -g -O2  conftest.c >&5
configure:4556: $? = 0
configure:4559: test -z 			 || test ! -s conftest.err
configure:4562: $? = 0
configure:4565: test -s conftest.o
configure:4568: $? = 0
configure:4579: result: yes
configure:4534: checking for stdint.h
configure:4550: gcc -c -g -O2  conftest.c >&5
configure:4556: $? = 0
configure:4559: test -z 			 || test ! -s conftest.err
configure:4562: $? = 0
configure:4565: test -s conftest.o
configure:4568: $? = 0
configure:4579: result: yes
configure:4534: checking for unistd.h
configure:4550: gcc -c -g -O2  conftest.c >&5
configure:4556: $? = 0
configure:4559: test -z 			 || test ! -s conftest.err
configure:4562: $? = 0
configure:4565: test -s conftest.o
configure:4568: $? = 0
configure:4579: result: yes
configure:4605: checking dlfcn.h usability
configure:4617: gcc -c -g -O2  conftest.c >&5
configure:4623: $? = 0
configure:4626: test -z 			 || test ! -s conftest.err
configure:4629: $? = 0
configure:4632: test -s conftest.o
configure:4635: $? = 0
configure:4645: result: yes
configure:4649: checking dlfcn.h presence
configure:4659: gcc -E  conftest.c
configure:4665: $? = 0
configure:4685: result: yes
configure:4720: checking for dlfcn.h
configure:4727: result: yes
configure:4792: checking for g++
configure:4808: found /usr/bin/g++
configure:4818: result: g++
configure:4834: checking for C++ compiler version
configure:4837: g++ --version </dev/null >&5
g++ (Ubuntu 4.8.4-2ubuntu1~14.04.3) 4.8.4
Copyright (C) 2013 Free Software Foundation, Inc.
This is free software; see the source for copying conditions.  There is NO
warranty; not even for MERCHANTABILITY or FITNESS FOR A PARTICULAR PURPOSE.

configure:4840: $? = 0
configure:4842: g++ -v </dev/null >&5
Using built-in specs.
COLLECT_GCC=g++
COLLECT_LTO_WRAPPER=/usr/lib/gcc/x86_64-linux-gnu/4.8/lto-wrapper
Target: x86_64-linux-gnu
Configured with: ../src/configure -v --with-pkgversion='Ubuntu 4.8.4-2ubuntu1~14.04.3' --with-bugurl=file:///usr/share/doc/gcc-4.8/README.Bugs --enable-languages=c,c++,java,go,d,fortran,objc,obj-c++ --prefix=/usr --program-suffix=-4.8 --enable-shared --enable-linker-build-id --libexecdir=/usr/lib --without-included-gettext --enable-threads=posix --with-gxx-include-dir=/usr/include/c++/4.8 --libdir=/usr/lib --enable-nls --with-sysroot=/ --enable-clocale=gnu --enable-libstdcxx-debug --enable-libstdcxx-time=yes --enable-gnu-unique-object --disable-libmudflap --enable-plugin --with-system-zlib --disable-browser-plugin --enable-java-awt=gtk --enable-gtk-cairo --with-java-home=/usr/lib/jvm/java-1.5.0-gcj-4.8-amd64/jre --enable-java-home --with-jvm-root-dir=/usr/lib/jvm/java-1.5.0-gcj-4.8-amd64 --with-jvm-jar-dir=/usr/lib/jvm-exports/java-1.5.0-gcj-4.8-amd64 --with-arch-directory=amd64 --with-ecj-jar=/usr/share/java/eclipse-ecj.jar --enable-objc-gc --enable-multiarch --disable-werror --with-arch-32=i686 --with-abi=m64 --with-multilib-list=m32,m64,mx32 --with-tune=generic --enable-checking=release --build=x86_64-linux-gnu --host=x86_64-linux-gnu --target=x86_64-linux-gnu
Thread model: posix
gcc version 4.8.4 (Ubuntu 4.8.4-2ubuntu1~14.04.3) 
configure:4845: $? = 0
configure:4847: g++ -V </dev/null >&5
g++: error: unrecognized command line option '-V'
g++: fatal error: no input files
compilation terminated.
configure:4850: $? = 4
configure:4853: checking whether we are using the GNU C++ compiler
configure:4877: g++ -c   conftest.cc >&5
configure:4883: $? = 0
configure:4886: test -z 			 || test ! -s conftest.err
configure:4889: $? = 0
configure:4892: test -s conftest.o
configure:4895: $? = 0
configure:4908: result: yes
configure:4914: checking whether g++ accepts -g
configure:4935: g++ -c -g  conftest.cc >&5
configure:4941: $? = 0
configure:4944: test -z 			 || test ! -s conftest.err
configure:4947: $? = 0
configure:4950: test -s conftest.o
configure:4953: $? = 0
configure:4964: result: yes
configure:5006: g++ -c -g -O2  conftest.cc >&5
configure:5012: $? = 0
configure:5015: test -z 			 || test ! -s conftest.err
configure:5018: $? = 0
configure:5021: test -s conftest.o
configure:5024: $? = 0
configure:5050: g++ -c -g -O2  conftest.cc >&5
conftest.cc: In function 'int main()':
conftest.cc:29:9: error: 'exit' was not declared in this scope
 exit (42);
         ^
configure:5056: $? = 1
configure: failed program was:
| /* confdefs.h.  */
| 
| #define PACKAGE_NAME "pygobject"
| #define PACKAGE_TARNAME "pygobject"
| #define PACKAGE_VERSION "2.8.0"
| #define PACKAGE_STRING "pygobject 2.8.0"
| #define PACKAGE_BUGREPORT "http://bugzilla.gnome.org/enter_bug.cgi?product=pygobject"
| #define PYGOBJECT_MAJOR_VERSION 2
| #define PYGOBJECT_MINOR_VERSION 8
| #define PYGOBJECT_MICRO_VERSION 0
| #define PACKAGE "pygobject"
| #define VERSION "2.8.0"
| #define STDC_HEADERS 1
| #define HAVE_SYS_TYPES_H 1
| #define HAVE_SYS_STAT_H 1
| #define HAVE_STDLIB_H 1
| #define HAVE_STRING_H 1
| #define HAVE_MEMORY_H 1
| #define HAVE_STRINGS_H 1
| #define HAVE_INTTYPES_H 1
| #define HAVE_STDINT_H 1
| #define HAVE_UNISTD_H 1
| #define HAVE_DLFCN_H 1
| /* end confdefs.h.  */
| 
| int
| main ()
| {
| exit (42);
|   ;
|   return 0;
| }
configure:5006: g++ -c -g -O2  conftest.cc >&5
conftest.cc:25:40: error: 'void std::exit(int)' should have been declared inside 'std'
 extern "C" void std::exit (int) throw (); using std::exit;
                                        ^
configure:5012: $? = 1
configure: failed program was:
| /* confdefs.h.  */
| 
| #define PACKAGE_NAME "pygobject"
| #define PACKAGE_TARNAME "pygobject"
| #define PACKAGE_VERSION "2.8.0"
| #define PACKAGE_STRING "pygobject 2.8.0"
| #define PACKAGE_BUGREPORT "http://bugzilla.gnome.org/enter_bug.cgi?product=pygobject"
| #define PYGOBJECT_MAJOR_VERSION 2
| #define PYGOBJECT_MINOR_VERSION 8
| #define PYGOBJECT_MICRO_VERSION 0
| #define PACKAGE "pygobject"
| #define VERSION "2.8.0"
| #define STDC_HEADERS 1
| #define HAVE_SYS_TYPES_H 1
| #define HAVE_SYS_STAT_H 1
| #define HAVE_STDLIB_H 1
| #define HAVE_STRING_H 1
| #define HAVE_MEMORY_H 1
| #define HAVE_STRINGS_H 1
| #define HAVE_INTTYPES_H 1
| #define HAVE_STDINT_H 1
| #define HAVE_UNISTD_H 1
| #define HAVE_DLFCN_H 1
| /* end confdefs.h.  */
| extern "C" void std::exit (int) throw (); using std::exit;
| #include <stdlib.h>
| int
| main ()
| {
| exit (42);
|   ;
|   return 0;
| }
configure:5006: g++ -c -g -O2  conftest.cc >&5
conftest.cc:25:31: error: 'void std::exit(int)' should have been declared inside 'std'
 extern "C" void std::exit (int); using std::exit;
                               ^
In file included from conftest.cc:26:0:
/usr/include/stdlib.h:543:70: error: declaration of 'void std::exit(int) throw ()' has a different exception specifier
 extern void exit (int __status) __THROW __attribute__ ((__noreturn__));
                                                                      ^
conftest.cc:25:17: error: from previous declaration 'void std::exit(int)'
 extern "C" void std::exit (int); using std::exit;
                 ^
configure:5012: $? = 1
configure: failed program was:
| /* confdefs.h.  */
| 
| #define PACKAGE_NAME "pygobject"
| #define PACKAGE_TARNAME "pygobject"
| #define PACKAGE_VERSION "2.8.0"
| #define PACKAGE_STRING "pygobject 2.8.0"
| #define PACKAGE_BUGREPORT "http://bugzilla.gnome.org/enter_bug.cgi?product=pygobject"
| #define PYGOBJECT_MAJOR_VERSION 2
| #define PYGOBJECT_MINOR_VERSION 8
| #define PYGOBJECT_MICRO_VERSION 0
| #define PACKAGE "pygobject"
| #define VERSION "2.8.0"
| #define STDC_HEADERS 1
| #define HAVE_SYS_TYPES_H 1
| #define HAVE_SYS_STAT_H 1
| #define HAVE_STDLIB_H 1
| #define HAVE_STRING_H 1
| #define HAVE_MEMORY_H 1
| #define HAVE_STRINGS_H 1
| #define HAVE_INTTYPES_H 1
| #define HAVE_STDINT_H 1
| #define HAVE_UNISTD_H 1
| #define HAVE_DLFCN_H 1
| /* end confdefs.h.  */
| extern "C" void std::exit (int); using std::exit;
| #include <stdlib.h>
| int
| main ()
| {
| exit (42);
|   ;
|   return 0;
| }
configure:5006: g++ -c -g -O2  conftest.cc >&5
configure:5012: $? = 0
configure:5015: test -z 			 || test ! -s conftest.err
configure:5018: $? = 0
configure:5021: test -s conftest.o
configure:5024: $? = 0
configure:5050: g++ -c -g -O2  conftest.cc >&5
configure:5056: $? = 0
configure:5059: test -z 			 || test ! -s conftest.err
configure:5062: $? = 0
configure:5065: test -s conftest.o
configure:5068: $? = 0
configure:5093: checking dependency style of g++
configure:5183: result: gcc3
configure:5205: checking how to run the C++ preprocessor
configure:5236: g++ -E  conftest.cc
configure:5242: $? = 0
configure:5274: g++ -E  conftest.cc
conftest.cc:28:28: fatal error: ac_nonexistent.h: No such file or directory
 #include <ac_nonexistent.h>
                            ^
compilation terminated.
configure:5280: $? = 1
configure: failed program was:
| /* confdefs.h.  */
| 
| #define PACKAGE_NAME "pygobject"
| #define PACKAGE_TARNAME "pygobject"
| #define PACKAGE_VERSION "2.8.0"
| #define PACKAGE_STRING "pygobject 2.8.0"
| #define PACKAGE_BUGREPORT "http://bugzilla.gnome.org/enter_bug.cgi?product=pygobject"
| #define PYGOBJECT_MAJOR_VERSION 2
| #define PYGOBJECT_MINOR_VERSION 8
| #define PYGOBJECT_MICRO_VERSION 0
| #define PACKAGE "pygobject"
| #define VERSION "2.8.0"
| #define STDC_HEADERS 1
| #define HAVE_SYS_TYPES_H 1
| #define HAVE_SYS_STAT_H 1
| #define HAVE_STDLIB_H 1
| #define HAVE_STRING_H 1
| #define HAVE_MEMORY_H 1
| #define HAVE_STRINGS_H 1
| #define HAVE_INTTYPES_H 1
| #define HAVE_STDINT_H 1
| #define HAVE_UNISTD_H 1
| #define HAVE_DLFCN_H 1
| #ifdef __cplusplus
| extern "C" void exit (int) throw ();
| #endif
| /* end confdefs.h.  */
| #include <ac_nonexistent.h>
configure:5319: result: g++ -E
configure:5343: g++ -E  conftest.cc
configure:5349: $? = 0
configure:5381: g++ -E  conftest.cc
conftest.cc:28:28: fatal error: ac_nonexistent.h: No such file or directory
 #include <ac_nonexistent.h>
                            ^
compilation terminated.
configure:5387: $? = 1
configure: failed program was:
| /* confdefs.h.  */
| 
| #define PACKAGE_NAME "pygobject"
| #define PACKAGE_TARNAME "pygobject"
| #define PACKAGE_VERSION "2.8.0"
| #define PACKAGE_STRING "pygobject 2.8.0"
| #define PACKAGE_BUGREPORT "http://bugzilla.gnome.org/enter_bug.cgi?product=pygobject"
| #define PYGOBJECT_MAJOR_VERSION 2
| #define PYGOBJECT_MINOR_VERSION 8
| #define PYGOBJECT_MICRO_VERSION 0
| #define PACKAGE "pygobject"
| #define VERSION "2.8.0"
| #define STDC_HEADERS 1
| #define HAVE_SYS_TYPES_H 1
| #define HAVE_SYS_STAT_H 1
| #define HAVE_STDLIB_H 1
| #define HAVE_STRING_H 1
| #define HAVE_MEMORY_H 1
| #define HAVE_STRINGS_H 1
| #define HAVE_INTTYPES_H 1
| #define HAVE_STDINT_H 1
| #define HAVE_UNISTD_H 1
| #define HAVE_DLFCN_H 1
| #ifdef __cplusplus
| extern "C" void exit (int) throw ();
| #endif
| /* end confdefs.h.  */
| #include <ac_nonexistent.h>
configure:5482: checking for g77
configure:5511: result: no
configure:5482: checking for f77
configure:5511: result: no
configure:5482: checking for xlf
configure:5511: result: no
configure:5482: checking for frt
configure:5511: result: no
configure:5482: checking for pgf77
configure:5511: result: no
configure:5482: checking for fort77
configure:5511: result: no
configure:5482: checking for fl32
configure:5511: result: no
configure:5482: checking for af77
configure:5511: result: no
configure:5482: checking for f90
configure:5511: result: no
configure:5482: checking for xlf90
configure:5511: result: no
configure:5482: checking for pgf90
configure:5511: result: no
configure:5482: checking for epcf90
configure:5511: result: no
configure:5482: checking for f95
configure:5511: result: no
configure:5482: checking for fort
configure:5511: result: no
configure:5482: checking for xlf95
configure:5511: result: no
configure:5482: checking for ifc
configure:5511: result: no
configure:5482: checking for efc
configure:5511: result: no
configure:5482: checking for pgf95
configure:5511: result: no
configure:5482: checking for lf95
configure:5511: result: no
configure:5482: checking for gfortran
configure:5511: result: no
configure:5523: checking for Fortran 77 compiler version
configure:5526:  --version </dev/null >&5
./configure: line 5527: --version: command not found
configure:5529: $? = 127
configure:5531:  -v </dev/null >&5
./configure: line 5532: -v: command not found
configure:5534: $? = 127
configure:5536:  -V </dev/null >&5
./configure: line 5537: -V: command not found
configure:5539: $? = 127
configure:5547: checking whether we are using the GNU Fortran 77 compiler
configure:5561:  -c  conftest.F >&5
./configure: line 5562: -c: command not found
configure:5567: $? = 127
configure: failed program was:
|       program main
| #ifndef __GNUC__
|        choke me
| #endif
| 
|       end
configure:5592: result: no
configure:5598: checking whether  accepts -g
configure:5610:  -c -g conftest.f >&5
./configure: line 5611: -c: command not found
configure:5616: $? = 127
configure: failed program was:
|       program main
| 
|       end
configure:5640: result: no
configure:5670: checking the maximum length of command line arguments
configure:5735: result: 32768
configure:5746: checking command to parse /usr/bin/nm -B output from gcc object
configure:5835: gcc -c -g -O2  conftest.c >&5
configure:5838: $? = 0
configure:5842: /usr/bin/nm -B conftest.o \| sed -n -e 's/^.*[ 	]\([ABCDGIRSTW][ABCDGIRSTW]*\)[ 	][ 	]*\(\)\([_A-Za-z][_A-Za-z0-9]*\)$/\1 \2\3 \3/p' \> conftest.nm
configure:5845: $? = 0
configure:5897: gcc -o conftest -g -O2   conftest.c conftstm.o >&5
configure:5900: $? = 0
configure:5938: result: ok
configure:5942: checking for objdir
configure:5957: result: .libs
configure:6047: checking for ar
configure:6063: found /usr/bin/ar
configure:6074: result: ar
configure:6127: checking for ranlib
configure:6143: found /usr/bin/ranlib
configure:6154: result: ranlib
configure:6207: checking for strip
configure:6223: found /usr/bin/strip
configure:6234: result: strip
configure:6496: checking if gcc static flag  works
configure:6519: result: yes
configure:6537: checking if gcc supports -fno-rtti -fno-exceptions
configure:6555: gcc -c -g -O2  -fno-rtti -fno-exceptions conftest.c >&5
cc1: warning: command line option '-fno-rtti' is valid for C++/ObjC++ but not for C [enabled by default]
configure:6559: $? = 0
configure:6570: result: no
configure:6585: checking for gcc option to produce PIC
configure:6762: result: -fPIC
configure:6770: checking if gcc PIC flag -fPIC works
configure:6788: gcc -c -g -O2  -fPIC -DPIC conftest.c >&5
configure:6792: $? = 0
configure:6803: result: yes
configure:6827: checking if gcc supports -c -o file.o
configure:6848: gcc -c -g -O2  -o out/conftest2.o conftest.c >&5
configure:6852: $? = 0
configure:6872: result: yes
configure:6898: checking whether the gcc linker (/usr/bin/ld -m elf_x86_64) supports shared libraries
configure:7745: result: yes
configure:7771: checking whether -lc should be explicitly linked in
configure:7776: gcc -c -g -O2  conftest.c >&5
configure:7779: $? = 0
configure:7793: gcc -shared conftest.o  -v -Wl,-soname -Wl,conftest -o conftest 2\>\&1 \| grep  -lc  \>/dev/null 2\>\&1
configure:7796: $? = 0
configure:7808: result: no
configure:7816: checking dynamic linker characteristics
configure:8368: result: GNU/Linux ld.so
configure:8372: checking how to hardcode library paths into programs
configure:8397: result: immediate
configure:8411: checking whether stripping libraries is possible
configure:8416: result: yes
configure:9239: checking if libtool supports shared libraries
configure:9241: result: yes
configure:9244: checking whether to build shared libraries
configure:9302: result: yes
configure:9305: checking whether to build static libraries
configure:9309: result: no
configure:9401: creating libtool
configure:9948: checking for ld used by g++
configure:10015: result: /usr/bin/ld -m elf_x86_64
configure:10024: checking if the linker (/usr/bin/ld -m elf_x86_64) is GNU ld
configure:10039: result: yes
configure:10090: checking whether the g++ linker (/usr/bin/ld -m elf_x86_64) supports shared libraries
configure:10916: result: yes
configure:10934: g++ -c -g -O2  conftest.cc >&5
configure:10937: $? = 0
configure:11033: checking for g++ option to produce PIC
configure:11285: result: -fPIC
configure:11293: checking if g++ PIC flag -fPIC works
configure:11311: g++ -c -g -O2  -fPIC -DPIC conftest.cc >&5
configure:11315: $? = 0
configure:11326: result: yes
configure:11350: checking if g++ supports -c -o file.o
configure:11371: g++ -c -g -O2  -o out/conftest2.o conftest.cc >&5
configure:11375: $? = 0
configure:11395: result: yes
configure:11421: checking whether the g++ linker (/usr/bin/ld -m elf_x86_64) supports shared libraries
configure:11449: result: yes
configure:11520: checking dynamic linker characteristics
configure:12072: result: GNU/Linux ld.so
configure:12076: checking how to hardcode library paths into programs
configure:12101: result: immediate
configure:12115: checking whether stripping libraries is possible
configure:12120: result: yes
configure:19396: checking for a Python interpreter with version >= 2.3.5
configure:19411: python -c import sys, string # split strings by '.' and convert to numeric. Append some zeros # because we need at least 4 digits for the hex conversion. minver = map(int, string.split('2.3.5', '.')) + [0, 0, 0] minverhex = 0 for i in xrange(0, 4): minverhex = (minverhex << 8) + minver[i] sys.exit(sys.hexversion < minverhex)
configure:19414: $? = 0
configure:19421: result: python
configure:19429: checking for python
configure:19447: found /usr/bin/python
configure:19459: result: /usr/bin/python
configure:19478: checking for python version
configure:19485: result: 2.7
configure:19497: checking for python platform
configure:19504: result: linux2
configure:19511: checking for python script directory
configure:19519: result: ${prefix}/lib/python2.7/site-packages
configure:19528: checking for python extension module directory
configure:19536: result: ${exec_prefix}/lib/python2.7/site-packages
configure:19551: checking for headers required to compile python extensions
configure:19570: gcc -E  -I/usr/include/python2.7 conftest.c
configure:19576: $? = 0
configure:19588: result: found
configure:19615: checking for python module thread
configure:19641: result: yes
configure:19650: checking whether to enable threading in pygobject
configure:19655: result: yes
configure:19697: checking for pkg-config
configure:19715: found /usr/bin/pkg-config
configure:19728: result: /usr/bin/pkg-config
configure:19751: checking for GLIB - version >= 2.8.0
configure:19870: gcc -o conftest -g -O2 -pthread -I/usr/include/glib-2.0 -I/usr/lib/x86_64-linux-gnu/glib-2.0/include      conftest.c -pthread -lgobject-2.0 -lgthread-2.0 -lglib-2.0    >&5
conftest.c: In function 'main':
conftest.c:39:10: warning: ignoring return value of 'system', declared with attribute warn_unused_result [-Wunused-result]
   system ("touch conf.glibtest");
          ^
configure:19873: $? = 0
configure:19875: ./conftest
configure:19878: $? = 0
configure:19896: result: yes (version 2.40.2)
configure:20005: checking whether gcc understands -Wall
configure:20023: gcc -c -g -O2 -Wall   conftest.c >&5
configure:20029: $? = 0
configure:20032: test -z 			 || test ! -s conftest.err
configure:20035: $? = 0
configure:20038: test -s conftest.o
configure:20041: $? = 0
configure:20051: result: yes
configure:20065: checking whether gcc understands -std=c9x
configure:20083: gcc -c -g -O2 -Wall -std=c9x   conftest.c >&5
configure:20089: $? = 0
configure:20092: test -z 			 || test ! -s conftest.err
configure:20095: $? = 0
configure:20098: test -s conftest.o
configure:20101: $? = 0
configure:20111: result: yes
configure:20125: checking whether gcc understands -fno-strict-aliasing
configure:20143: gcc -c -g -O2 -Wall -std=c9x -fno-strict-aliasing   conftest.c >&5
configure:20149: $? = 0
configure:20152: test -z 			 || test ! -s conftest.err
configure:20155: $? = 0
configure:20158: test -s conftest.o
configure:20161: $? = 0
configure:20171: result: yes
configure:20311: creating ./config.status

## ---------------------- ##
## Running config.status. ##
## ---------------------- ##

This file was extended by pygobject config.status 2.8.0, which was
generated by GNU Autoconf 2.59.  Invocation command line was

  CONFIG_FILES    = 
  CONFIG_HEADERS  = 
  CONFIG_LINKS    = 
  CONFIG_COMMANDS = 
  $ ./config.status 

on faulkhuang-bmt-4958248

config.status:788: creating Makefile
config.status:788: creating pygobject-2.0.pc
config.status:788: creating gobject/Makefile
config.status:788: creating examples/Makefile
config.status:788: creating tests/Makefile
config.status:788: creating PKG-INFO
config.status:854: creating config.h
config.status:1148: executing depfiles commands

## ---------------- ##
## Cache variables. ##
## ---------------- ##

ac_cv_build=x86_64-unknown-linux-gnu
ac_cv_build_alias=x86_64-unknown-linux-gnu
ac_cv_c_compiler_gnu=yes
ac_cv_cxx_compiler_gnu=yes
ac_cv_env_CC_set=
ac_cv_env_CC_value=
ac_cv_env_CFLAGS_set=
ac_cv_env_CFLAGS_value=
ac_cv_env_CPPFLAGS_set=
ac_cv_env_CPPFLAGS_value=
ac_cv_env_CPP_set=
ac_cv_env_CPP_value=
ac_cv_env_CXXCPP_set=
ac_cv_env_CXXCPP_value=
ac_cv_env_CXXFLAGS_set=
ac_cv_env_CXXFLAGS_value=
ac_cv_env_CXX_set=
ac_cv_env_CXX_value=
ac_cv_env_F77_set=
ac_cv_env_F77_value=
ac_cv_env_FFLAGS_set=
ac_cv_env_FFLAGS_value=
ac_cv_env_LDFLAGS_set=
ac_cv_env_LDFLAGS_value=
ac_cv_env_build_alias_set=
ac_cv_env_build_alias_value=
ac_cv_env_host_alias_set=
ac_cv_env_host_alias_value=
ac_cv_env_target_alias_set=
ac_cv_env_target_alias_value=
ac_cv_exeext=
ac_cv_f77_compiler_gnu=no
ac_cv_header_dlfcn_h=yes
ac_cv_header_inttypes_h=yes
ac_cv_header_memory_h=yes
ac_cv_header_stdc=yes
ac_cv_header_stdint_h=yes
ac_cv_header_stdlib_h=yes
ac_cv_header_string_h=yes
ac_cv_header_strings_h=yes
ac_cv_header_sys_stat_h=yes
ac_cv_header_sys_types_h=yes
ac_cv_header_unistd_h=yes
ac_cv_host=x86_64-unknown-linux-gnu
ac_cv_host_alias=x86_64-unknown-linux-gnu
ac_cv_objext=o
ac_cv_path_PKG_CONFIG=/usr/bin/pkg-config
ac_cv_path_PYTHON=/usr/bin/python
ac_cv_path_install='/usr/bin/install -c'
ac_cv_prog_AWK=gawk
ac_cv_prog_CPP='gcc -E'
ac_cv_prog_CXXCPP='g++ -E'
ac_cv_prog_ac_ct_AR=ar
ac_cv_prog_ac_ct_CC=gcc
ac_cv_prog_ac_ct_CXX=g++
ac_cv_prog_ac_ct_RANLIB=ranlib
ac_cv_prog_ac_ct_STRIP=strip
ac_cv_prog_cc_g=yes
ac_cv_prog_cc_stdc=
ac_cv_prog_cxx_g=yes
ac_cv_prog_egrep='grep -E'
ac_cv_prog_f77_g=no
ac_cv_prog_make_make_set=yes
am_cv_CC_dependencies_compiler_type=gcc3
am_cv_CXX_dependencies_compiler_type=gcc3
am_cv_pathless_PYTHON=python
am_cv_python_platform=linux2
am_cv_python_pyexecdir='${exec_prefix}/lib/python2.7/site-packages'
am_cv_python_pythondir='${prefix}/lib/python2.7/site-packages'
am_cv_python_version=2.7
lt_cv_deplibs_check_method=pass_all
lt_cv_file_magic_cmd='$MAGIC_CMD'
lt_cv_file_magic_test_file=
lt_cv_ld_reload_flag=-r
lt_cv_objdir=.libs
lt_cv_path_LD=/usr/bin/ld
lt_cv_path_LDCXX='/usr/bin/ld -m elf_x86_64'
lt_cv_path_NM='/usr/bin/nm -B'
lt_cv_path_SED=/bin/sed
lt_cv_prog_compiler_c_o=yes
lt_cv_prog_compiler_c_o_CXX=yes
lt_cv_prog_compiler_rtti_exceptions=no
lt_cv_prog_gnu_ld=yes
lt_cv_prog_gnu_ldcxx=yes
lt_cv_sys_global_symbol_pipe='sed -n -e '\''s/^.*[ 	]\([ABCDGIRSTW][ABCDGIRSTW]*\)[ 	][ 	]*\(\)\([_A-Za-z][_A-Za-z0-9]*\)$/\1 \2\3 \3/p'\'''
lt_cv_sys_global_symbol_to_c_name_address='sed -n -e '\''s/^: \([^ ]*\) $/  {\"\1\", (lt_ptr) 0},/p'\'' -e '\''s/^[BCDEGRST] \([^ ]*\) \([^ ]*\)$/  {"\2", (lt_ptr) \&\2},/p'\'''
lt_cv_sys_global_symbol_to_cdecl='sed -n -e '\''s/^. .* \(.*\)$/extern int \1;/p'\'''
lt_cv_sys_max_cmd_len=32768
lt_lt_cv_prog_compiler_c_o='"yes"'
lt_lt_cv_prog_compiler_c_o_CXX='"yes"'
lt_lt_cv_sys_global_symbol_pipe='"sed -n -e '\''s/^.*[ 	]\\([ABCDGIRSTW][ABCDGIRSTW]*\\)[ 	][ 	]*\\(\\)\\([_A-Za-z][_A-Za-z0-9]*\\)\$/\\1 \\2\\3 \\3/p'\''"'
lt_lt_cv_sys_global_symbol_to_c_name_address='"sed -n -e '\''s/^: \\([^ ]*\\) \$/  {\\\"\\1\\\", (lt_ptr) 0},/p'\'' -e '\''s/^[BCDEGRST] \\([^ ]*\\) \\([^ ]*\\)\$/  {\"\\2\", (lt_ptr) \\&\\2},/p'\''"'
lt_lt_cv_sys_global_symbol_to_cdecl='"sed -n -e '\''s/^. .* \\(.*\\)\$/extern int \\1;/p'\''"'
py_cv_mod_thread_=yes

## ----------------- ##
## Output variables. ##
## ----------------- ##

ACLOCAL='${SHELL} /home/ubuntu/workspace/pygobject-2.8.0/missing --run aclocal-1.8 '
ACLOCAL_AMFLAGS='-I m4 -I .'
AMDEPBACKSLASH='\'
AMDEP_FALSE='#'
AMDEP_TRUE=''
AMTAR='${SHELL} /home/ubuntu/workspace/pygobject-2.8.0/missing --run tar'
AR='ar'
AS='as'
AUTOCONF='${SHELL} /home/ubuntu/workspace/pygobject-2.8.0/missing --run autoconf'
AUTOHEADER='${SHELL} /home/ubuntu/workspace/pygobject-2.8.0/missing --run autoheader'
AUTOMAKE='${SHELL} /home/ubuntu/workspace/pygobject-2.8.0/missing --run automake-1.8'
AWK='gawk'
CC='gcc'
CCDEPMODE='depmode=gcc3'
CFLAGS='-g -O2 -Wall -std=c9x -fno-strict-aliasing'
CPP='gcc -E'
CPPFLAGS=' '
CXX='g++'
CXXCPP='g++ -E'
CXXDEPMODE='depmode=gcc3'
CXXFLAGS='-g -O2'
CYGPATH_W='echo'
DEFS='-DHAVE_CONFIG_H'
DEPDIR='.deps'
DLLTOOL='dlltool'
ECHO='echo'
ECHO_C=''
ECHO_N='-n'
ECHO_T=''
EGREP='grep -E'
EXEEXT=''
F77=''
FFLAGS=''
GLIB_CFLAGS='-pthread -I/usr/include/glib-2.0 -I/usr/lib/x86_64-linux-gnu/glib-2.0/include  '
GLIB_GENMARSHAL='glib-genmarshal'
GLIB_LIBS='-pthread -lgobject-2.0 -lgthread-2.0 -lglib-2.0'
GLIB_MKENUMS='glib-mkenums'
GOBJECT_QUERY='gobject-query'
INSTALL_DATA='${INSTALL} -m 644'
INSTALL_PROGRAM='${INSTALL}'
INSTALL_SCRIPT='${INSTALL}'
INSTALL_STRIP_PROGRAM='${SHELL} $(install_sh) -c -s'
LDFLAGS=''
LIBOBJS=''
LIBS=''
LIBTOOL='$(SHELL) $(top_builddir)/libtool'
LN_S='ln -s'
LTLIBOBJS=''
MAKEINFO='${SHELL} /home/ubuntu/workspace/pygobject-2.8.0/missing --run makeinfo'
OBJDUMP='objdump'
OBJEXT='o'
OS_WIN32_FALSE=''
OS_WIN32_TRUE='#'
PACKAGE='pygobject'
PACKAGE_BUGREPORT='http://bugzilla.gnome.org/enter_bug.cgi?product=pygobject'
PACKAGE_NAME='pygobject'
PACKAGE_STRING='pygobject 2.8.0'
PACKAGE_TARNAME='pygobject'
PACKAGE_VERSION='2.8.0'
PATH_SEPARATOR=':'
PKG_CONFIG='/usr/bin/pkg-config'
PLATFORM_WIN32_FALSE=''
PLATFORM_WIN32_TRUE='#'
PYGOBJECT_MAJOR_VERSION='2'
PYGOBJECT_MICRO_VERSION='0'
PYGOBJECT_MINOR_VERSION='8'
PYTHON='/usr/bin/python'
PYTHON_EXEC_PREFIX='${exec_prefix}'
PYTHON_INCLUDES='-I/usr/include/python2.7'
PYTHON_PLATFORM='linux2'
PYTHON_PREFIX='${prefix}'
PYTHON_VERSION='2.7'
RANLIB='ranlib'
SET_MAKE=''
SHELL='/bin/bash'
STRIP='strip'
THREADING_CFLAGS=''
VERSION='2.8.0'
ac_ct_AR='ar'
ac_ct_AS=''
ac_ct_CC='gcc'
ac_ct_CXX='g++'
ac_ct_DLLTOOL=''
ac_ct_F77=''
ac_ct_OBJDUMP=''
ac_ct_RANLIB='ranlib'
ac_ct_STRIP='strip'
am__fastdepCC_FALSE='#'
am__fastdepCC_TRUE=''
am__fastdepCXX_FALSE='#'
am__fastdepCXX_TRUE=''
am__include='include'
am__leading_dot='.'
am__quote=''
bindir='${exec_prefix}/bin'
build='x86_64-unknown-linux-gnu'
build_alias=''
build_cpu='x86_64'
build_os='linux-gnu'
build_vendor='unknown'
datadir='${prefix}/share'
exec_prefix='${prefix}'
host='x86_64-unknown-linux-gnu'
host_alias=''
host_cpu='x86_64'
host_os='linux-gnu'
host_vendor='unknown'
includedir='${prefix}/include'
infodir='${prefix}/info'
install_sh='/home/ubuntu/workspace/pygobject-2.8.0/install-sh'
libdir='${exec_prefix}/lib'
libexecdir='${exec_prefix}/libexec'
localstatedir='${prefix}/var'
mandir='${prefix}/man'
mkdir_p='mkdir -p -- .'
oldincludedir='/usr/include'
pkgpyexecdir='${pyexecdir}/pygobject'
pkgpythondir='${pythondir}/pygobject'
prefix='/usr/local'
program_transform_name='s,x,x,'
pyexecdir='${exec_prefix}/lib/python2.7/site-packages'
pygobject_CODEGEN_DEFINES=''
pythondir='${prefix}/lib/python2.7/site-packages'
sbindir='${exec_prefix}/sbin'
sharedstatedir='${prefix}/com'
sysconfdir='${prefix}/etc'
target_alias=''

## ----------- ##
## confdefs.h. ##
## ----------- ##

#define HAVE_DLFCN_H 1
#define HAVE_INTTYPES_H 1
#define HAVE_MEMORY_H 1
#define HAVE_STDINT_H 1
#define HAVE_STDLIB_H 1
#define HAVE_STRINGS_H 1
#define HAVE_STRING_H 1
#define HAVE_SYS_STAT_H 1
#define HAVE_SYS_TYPES_H 1
#define HAVE_UNISTD_H 1
#define PACKAGE "pygobject"
#define PACKAGE_BUGREPORT "http://bugzilla.gnome.org/enter_bug.cgi?product=pygobject"
#define PACKAGE_NAME "pygobject"
#define PACKAGE_STRING "pygobject 2.8.0"
#define PACKAGE_TARNAME "pygobject"
#define PACKAGE_VERSION "2.8.0"
#define PYGOBJECT_MAJOR_VERSION 2
#define PYGOBJECT_MICRO_VERSION 0
#define PYGOBJECT_MINOR_VERSION 8
#define STDC_HEADERS 1
#define VERSION "2.8.0"
#endif
#ifdef __cplusplus
extern "C" void exit (int) throw ();

configure: exit 0
